<?xml version='1.0' encoding='utf-8'?>
<testsuites name="cocotb tests"><testsuite name="test_gb" errors="0" failures="0" skipped="0" tests="1" time="1.245" timestamp="2026-09-03T06:13:36.131952+00:00" hostname="Legion-5-Slim"><testcase classname="test_gb" name="gb_random" time="1.245"><properties><property name="cocotb" value="True" /><property name="random_seed" value="1788416014" /><property name="file" value="/home/aswin/projects/tsn-lite/cocotb/test_gb.py" /><property name="line" value="95" /><property name="sim_time_unit" value="ns" /><property name="sim_time_start" value="0.0" /><property name="sim_time_stop" value="128032.0" /><property name="sim_time_duration" value="128032.0" /><property name="sim_time_ratio" value="102817.60305141403" /></properties></testcase></testsuite></testsuites>